<?xml version="1.0" encoding="UTF-8"?>
<!-- Generated by org.testng.reporters.JUnitXMLReporter -->
<testsuite ignored="0" hostname="DESKTOP-LLLGMOJ" failures="0" tests="4" name="Default test" time="13.99" errors="0" timestamp="2024-01-23T08:57:25 IST">
  <testcase classname="testscripts.swagLabLoginValidationNShop" name="testLoginLogout" time="1.533"/>
  <testcase classname="testscripts.swagLabLoginValidationNShop" name="testcart" time="0.002"/>
  <testcase classname="testscripts.swagLabLoginValidationNShop" name="testCheckoutOverview" time="0.001"/>
  <testcase classname="testscripts.swagLabLoginValidationNShop" name="testShoppingOnSwagLab" time="2.773"/>
</testsuite> <!-- Default test -->
