<?xml version="1.0" encoding="UTF-8"?>
<!-- Generated by org.testng.reporters.JUnitXMLReporter -->
<testsuite ignored="1" hostname="DESKTOP-LLLGMOJ" failures="0" tests="1" name="Default test" time="22.1" errors="0" timestamp="2024-03-31T08:10:38 IST">
  <testcase classname="autoitexample.Example1" name="testUploadFeatureUsingAutoIT" time="21.981"/>
  <testcase classname="autoitexample.Example1" name="testUploadFeature" time="0.0">
    <ignored/>
  </testcase> <!-- testUploadFeature -->
</testsuite> <!-- Default test -->
